Ignoring exception in command restart:
Traceback (most recent call last):
  File "/home/pi/.local/lib/python3.7/site-packages/discord/ext/commands/core.py", line 85, in wrapped
    ret = await coro(*args, **kwargs)
  File "bot.py", line 174, in restart_bot
    restart = subprocess.Popen("TheMoonCowboy/restart.sh")
  File "/usr/lib/python3.7/subprocess.py", line 775, in __init__
    restore_signals, start_new_session)
  File "/usr/lib/python3.7/subprocess.py", line 1522, in _execute_child
    raise child_exception_type(errno_num, err_msg, err_filename)
FileNotFoundError: [Errno 2] No such file or directory: 'TheMoonCowboy/restart.sh': 'TheMoonCowboy/restart.sh'

The above exception was the direct cause of the following exception:

Traceback (most recent call last):
  File "/home/pi/.local/lib/python3.7/site-packages/discord/ext/commands/bot.py", line 903, in invoke
    await ctx.command.invoke(ctx)
  File "/home/pi/.local/lib/python3.7/site-packages/discord/ext/commands/core.py", line 859, in invoke
    await injected(*ctx.args, **ctx.kwargs)
  File "/home/pi/.local/lib/python3.7/site-packages/discord/ext/commands/core.py", line 94, in wrapped
    raise CommandInvokeError(exc) from exc
discord.ext.commands.errors.CommandInvokeError: Command raised an exception: FileNotFoundError: [Errno 2] No such file or directory: 'TheMoonCowboy/restart.sh': 'TheMoonCowboy/restart.sh'
Ignoring exception in command restart:
Traceback (most recent call last):
  File "/home/pi/.local/lib/python3.7/site-packages/discord/ext/commands/core.py", line 85, in wrapped
    ret = await coro(*args, **kwargs)
  File "bot.py", line 174, in restart_bot
    restart = subprocess.Popen("restart.sh")
  File "/usr/lib/python3.7/subprocess.py", line 775, in __init__
    restore_signals, start_new_session)
  File "/usr/lib/python3.7/subprocess.py", line 1522, in _execute_child
    raise child_exception_type(errno_num, err_msg, err_filename)
FileNotFoundError: [Errno 2] No such file or directory: 'restart.sh': 'restart.sh'

The above exception was the direct cause of the following exception:

Traceback (most recent call last):
  File "/home/pi/.local/lib/python3.7/site-packages/discord/ext/commands/bot.py", line 903, in invoke
    await ctx.command.invoke(ctx)
  File "/home/pi/.local/lib/python3.7/site-packages/discord/ext/commands/core.py", line 859, in invoke
    await injected(*ctx.args, **ctx.kwargs)
  File "/home/pi/.local/lib/python3.7/site-packages/discord/ext/commands/core.py", line 94, in wrapped
    raise CommandInvokeError(exc) from exc
discord.ext.commands.errors.CommandInvokeError: Command raised an exception: FileNotFoundError: [Errno 2] No such file or directory: 'restart.sh': 'restart.sh'
Ignoring exception in command restart:
Traceback (most recent call last):
  File "/home/pi/.local/lib/python3.7/site-packages/discord/ext/commands/core.py", line 85, in wrapped
    ret = await coro(*args, **kwargs)
  File "bot.py", line 175, in restart_bot
    restart = subprocess.Popen("restart.sh")
  File "/usr/lib/python3.7/subprocess.py", line 775, in __init__
    restore_signals, start_new_session)
  File "/usr/lib/python3.7/subprocess.py", line 1522, in _execute_child
    raise child_exception_type(errno_num, err_msg, err_filename)
FileNotFoundError: [Errno 2] No such file or directory: 'restart.sh': 'restart.sh'

The above exception was the direct cause of the following exception:

Traceback (most recent call last):
  File "/home/pi/.local/lib/python3.7/site-packages/discord/ext/commands/bot.py", line 903, in invoke
    await ctx.command.invoke(ctx)
  File "/home/pi/.local/lib/python3.7/site-packages/discord/ext/commands/core.py", line 859, in invoke
    await injected(*ctx.args, **ctx.kwargs)
  File "/home/pi/.local/lib/python3.7/site-packages/discord/ext/commands/core.py", line 94, in wrapped
    raise CommandInvokeError(exc) from exc
discord.ext.commands.errors.CommandInvokeError: Command raised an exception: FileNotFoundError: [Errno 2] No such file or directory: 'restart.sh': 'restart.sh'
restarting
Ignoring exception in command restart:
Traceback (most recent call last):
  File "/home/pi/.local/lib/python3.7/site-packages/discord/ext/commands/core.py", line 85, in wrapped
    ret = await coro(*args, **kwargs)
  File "bot.py", line 175, in restart_bot
    restart = subprocess.Popen("restart.sh")
  File "/usr/lib/python3.7/subprocess.py", line 775, in __init__
    restore_signals, start_new_session)
  File "/usr/lib/python3.7/subprocess.py", line 1522, in _execute_child
    raise child_exception_type(errno_num, err_msg, err_filename)
FileNotFoundError: [Errno 2] No such file or directory: 'restart.sh': 'restart.sh'

The above exception was the direct cause of the following exception:

Traceback (most recent call last):
  File "/home/pi/.local/lib/python3.7/site-packages/discord/ext/commands/bot.py", line 903, in invoke
    await ctx.command.invoke(ctx)
  File "/home/pi/.local/lib/python3.7/site-packages/discord/ext/commands/core.py", line 859, in invoke
    await injected(*ctx.args, **ctx.kwargs)
  File "/home/pi/.local/lib/python3.7/site-packages/discord/ext/commands/core.py", line 94, in wrapped
    raise CommandInvokeError(exc) from exc
discord.ext.commands.errors.CommandInvokeError: Command raised an exception: FileNotFoundError: [Errno 2] No such file or directory: 'restart.sh': 'restart.sh'
restarting
python: can't open file '3': [Errno 2] No such file or directory
python: can't open file '3': [Errno 2] No such file or directory
Ignoring exception in command None:
discord.ext.commands.errors.CommandNotFound: Command "eatass" is not found
Ignoring exception in command None:
discord.ext.commands.errors.CommandNotFound: Command "maybeiwill" is not found
Ignoring exception in on_reaction_add
Traceback (most recent call last):
  File "/home/pi/.local/lib/python3.7/site-packages/discord/client.py", line 333, in _run_event
    await coro(*args, **kwargs)
  File "bot.py", line 165, in on_reaction_add
    embed = ClearEncounter(reaction, user)
  File "bot.py", line 467, in ClearEncounter
    expReward = encounterType[1]
IndexError: list index out of range
Ignoring exception in on_reaction_add
Traceback (most recent call last):
  File "/home/pi/.local/lib/python3.7/site-packages/discord/client.py", line 333, in _run_event
    await coro(*args, **kwargs)
  File "bot.py", line 165, in on_reaction_add
    embed = ClearEncounter(reaction, user)
  File "bot.py", line 467, in ClearEncounter
    expReward = encounterType[1]
IndexError: list index out of range
2020-10-21 20:39:42.483828
2020-10-21 20:39:44.902000
True
2020-10-21 20:39:44.842864
2020-10-21 20:39:47.289000
True
2020-10-21 21:09:47.774945
2020-10-21 21:09:49.885000
True
2020-10-22 09:34:35.412722
2020-10-22 09:34:37.791000
True
2020-10-22 09:47:22.112330
2020-10-22 09:47:24.437000
True
2020-10-22 09:52:22.310900
2020-10-22 09:52:24.632000
True
2020-10-22 09:53:07.102628
2020-10-22 09:53:09.541000
True
2020-10-22 10:25:57.369606
2020-10-22 10:25:59.572000
True
2020-10-22 10:26:28.998579
2020-10-22 10:26:31.368000
True
2020-10-22 10:30:18.180760
2020-10-22 10:30:20.604000
True
2020-10-22 10:33:23.544013
2020-10-22 10:33:25.932000
True
2020-10-22 10:41:21.311234
2020-10-22 10:41:18.604000
False
2020-10-22 10:43:14.695664
2020-10-22 10:43:17.141000
True
2020-10-22 12:01:19.604231
2020-10-22 12:01:22.002000
True
2020-10-22 12:36:45.440704
2020-10-22 12:36:47.803000
True
2020-10-22 12:37:02.925369
2020-10-22 12:37:05.298000
True
2020-10-22 12:37:08.027090
2020-10-22 12:37:10.455000
True
2020-10-22 12:37:10.413568
2020-10-22 12:37:12.778000
True
2020-10-22 12:37:12.963496
2020-10-22 12:37:15.411000
True
2020-10-22 12:37:15.297108
2020-10-22 12:37:17.755000
True
2020-10-22 12:37:18.577100
2020-10-22 12:37:21.113000
True
2020-10-22 12:37:20.294514
2020-10-22 12:37:22.839000
True
2020-10-22 12:37:47.825306
2020-10-22 12:37:50.252000
True
2020-10-22 12:37:57.376352
2020-10-22 12:37:59.863000
True
2020-10-22 12:37:58.068850
2020-10-22 12:38:00.458000
True
2020-10-22 12:38:00.786514
2020-10-22 12:38:03.261000
True
2020-10-22 12:38:13.597695
2020-10-22 12:38:16.111000
True
2020-10-22 12:38:24.146676
2020-10-22 12:38:26.600000
True
2020-10-22 12:38:33.845557
2020-10-22 12:38:36.326000
True
2020-10-22 12:38:35.859219
2020-10-22 12:38:38.341000
True
2020-10-22 12:38:40.292600
2020-10-22 12:38:42.797000
True
2020-10-22 12:42:48.230070
2020-10-22 12:42:50.657000
True
2020-10-22 12:42:48.979368
2020-10-22 12:42:51.396000
True
2020-10-22 12:43:00.333545
2020-10-22 12:43:02.822000
True
2020-10-22 12:43:01.044637
2020-10-22 12:43:03.449000
True
2020-10-22 12:44:37.361267
2020-10-22 12:44:39.584000
True
2020-10-22 12:44:38.211129
2020-10-22 12:44:40.542000
True
2020-10-22 12:45:43.586968
2020-10-22 12:45:45.920000
True
2020-10-22 12:45:44.378601
2020-10-22 12:45:46.737000
True
2020-10-22 12:48:39.300859
2020-10-22 12:48:41.680000
True
2020-10-22 12:50:27.431590
2020-10-22 12:50:29.537000
True
2020-10-22 12:51:09.211991
2020-10-22 12:51:11.612000
True
2020-10-22 12:51:59.538522
2020-10-22 12:52:01.981000
True
2020-10-22 12:52:00.263743
2020-10-22 12:52:02.592000
True
2020-10-22 12:52:12.725965
2020-10-22 12:52:14.963000
True
2020-10-22 12:52:20.515282
2020-10-22 12:52:23.029000
True
2020-10-22 12:52:34.572335
2020-10-22 12:52:37.028000
True
2020-10-22 12:52:45.968564
2020-10-22 12:52:48.397000
True
2020-10-22 12:52:52.222797
2020-10-22 12:52:54.738000
True
2020-10-22 12:53:09.216996
2020-10-22 12:53:11.633000
True
2020-10-22 12:53:14.254200
2020-10-22 12:53:16.768000
True
2020-10-22 12:53:15.155217
2020-10-22 12:53:17.683000
True
2020-10-22 12:53:15.648552
2020-10-22 12:53:18.170000
True
2020-10-22 12:53:19.136080
2020-10-22 12:53:21.659000
True
2020-10-22 12:53:23.010725
2020-10-22 12:53:25.499000
True
2020-10-22 12:53:34.252077
2020-10-22 12:53:36.655000
True
2020-10-22 12:53:39.586919
2020-10-22 12:53:42.005000
True
2020-10-22 12:53:47.293620
2020-10-22 12:53:49.799000
True
2020-10-22 12:54:15.745901
2020-10-22 12:54:18.133000
True
2020-10-22 12:54:50.460520
2020-10-22 12:54:52.521000
True
2020-10-22 12:55:28.179514
2020-10-22 12:55:30.531000
True
2020-10-22 13:01:35.158785
2020-10-22 13:01:37.500000
True
2020-10-22 13:01:35.870242
2020-10-22 13:01:38.312000
True
2020-10-22 13:01:38.758664
2020-10-22 13:01:41.202000
True
2020-10-22 13:01:39.527781
2020-10-22 13:01:41.922000
True
2020-10-22 14:10:15.970005
2020-10-22 14:10:18.420000
True
2020-10-22 14:10:16.695889
2020-10-22 14:10:19.133000
True
2020-10-22 14:15:14.168726
2020-10-22 14:15:16.608000
True
2020-10-22 14:15:14.784724
2020-10-22 14:15:17.265000
True
2020-10-22 14:17:58.105207
2020-10-22 14:18:00.542000
True
2020-10-22 14:47:22.244095
2020-10-22 14:47:24.642000
True
2020-10-22 15:43:49.116849
2020-10-22 15:43:51.534000
True
2020-10-22 15:58:15.217031
2020-10-22 15:58:17.642000
True
2020-10-22 16:08:47.885671
2020-10-22 16:08:50.209000
True
2020-10-22 16:13:59.216026
2020-10-22 16:14:01.608000
True
2020-10-22 16:14:58.749411
2020-10-22 16:15:01.167000
True
2020-10-22 16:15:18.713083
2020-10-22 16:15:21.056000
True
2020-10-22 16:18:36.072625
2020-10-22 16:18:38.381000
True
2020-10-22 16:19:34.040155
2020-10-22 16:19:36.443000
True
2020-10-22 16:20:45.674635
2020-10-22 16:20:48.074000
True
2020-10-22 16:23:21.911835
2020-10-22 16:23:24.350000
True
2020-10-22 16:39:57.559119
2020-10-22 16:39:59.926000
True
2020-10-22 16:39:58.227108
2020-10-22 16:40:00.728000
True
2020-10-22 18:55:23.712878
2020-10-22 18:55:26.060000
True
2020-10-22 18:55:24.453770
2020-10-22 18:55:26.873000
True
2020-10-22 18:55:43.437433
2020-10-22 18:55:45.870000
True
2020-10-22 18:56:49.619906
2020-10-22 18:56:52.076000
True
2020-10-22 18:58:51.480955
2020-10-22 18:58:53.892000
True
2020-10-22 19:01:13.338342
2020-10-22 19:01:15.691000
True
2020-10-22 19:01:21.996792
2020-10-22 19:01:24.500000
True
2020-10-22 19:02:55.432041
2020-10-22 19:02:57.739000
True
2020-10-22 19:03:46.013085
2020-10-22 19:03:48.467000
True
2020-10-22 19:08:27.541412
2020-10-22 19:08:29.869000
True
2020-10-22 19:22:24.437988
2020-10-22 19:22:26.866000
True
2020-10-22 19:22:29.374230
2020-10-22 19:22:31.880000
True
2020-10-22 20:16:58.166875
2020-10-22 20:16:59.619000
True
2020-10-22 20:17:40.219132
2020-10-22 20:17:42.190000
True
2020-10-22 20:17:51.352750
2020-10-22 20:17:53.879000
True
2020-10-22 20:18:52.298330
2020-10-22 20:18:54.345000
True
2020-10-22 21:39:00.212400
2020-10-22 21:39:02.481000
True
2020-10-22 21:39:11.483030
2020-10-22 21:39:13.983000
True
2020-10-22 21:39:17.271988
2020-10-22 21:39:19.678000
True
2020-10-22 21:39:30.100905
2020-10-22 21:39:32.614000
True
2020-10-22 21:43:43.567409
2020-10-22 21:43:45.809000
True
2020-10-22 21:45:55.574801
2020-10-22 21:45:57.942000
True
2020-10-22 21:46:11.346328
2020-10-22 21:46:13.599000
True
2020-10-22 21:47:08.330476
2020-10-22 21:47:10.760000
True
2020-10-22 21:53:17.339310
2020-10-22 21:53:19.792000
True
2020-10-22 22:13:43.676462
2020-10-22 22:13:46.008000
True
